<?xml version="1.0" encoding="UTF-8"?>
<testng-results ignored="0" total="1" passed="1" failed="0" skipped="0">
  <reporter-output>
  </reporter-output>
  <suite started-at="2022-08-28T22:35:04 EET" name="Default suite" finished-at="2022-08-28T22:36:03 EET" duration-ms="59166">
    <groups>
    </groups>
    <test started-at="2022-08-28T22:35:04 EET" name="Default test" finished-at="2022-08-28T22:36:03 EET" duration-ms="59166">
      <class name="tests.BooktransferTicket">
        <test-method is-config="true" signature="startDriver()[pri:0, instance:tests.BooktransferTicket@2d778add]" started-at="2022-08-28T22:35:04 EET" name="startDriver" finished-at="2022-08-28T22:35:43 EET" duration-ms="38866" status="PASS">
          <reporter-output>
          </reporter-output>
        </test-method> <!-- startDriver -->
        <test-method signature="bootkransferTicket()[pri:0, instance:tests.BooktransferTicket@2d778add]" started-at="2022-08-28T22:35:43 EET" name="bootkransferTicket" finished-at="2022-08-28T22:36:03 EET" duration-ms="20101" status="PASS">
          <reporter-output>
          </reporter-output>
        </test-method> <!-- bootkransferTicket -->
        <test-method is-config="true" signature="stopDriver()[pri:0, instance:tests.BooktransferTicket@2d778add]" started-at="2022-08-28T22:36:03 EET" name="stopDriver" finished-at="2022-08-28T22:36:03 EET" duration-ms="3" status="PASS">
          <reporter-output>
          </reporter-output>
        </test-method> <!-- stopDriver -->
      </class> <!-- tests.BooktransferTicket -->
    </test> <!-- Default test -->
  </suite> <!-- Default suite -->
</testng-results>
